<?xml version="1.0" encoding="UTF-8"?>
<testng-results skipped="0" failed="1" ignored="0" total="10" passed="9">
  <reporter-output>
  </reporter-output>
  <suite name="Default suite" duration-ms="32136" started-at="2017-05-08T13:28:10Z" finished-at="2017-05-08T13:28:42Z">
    <groups>
    </groups>
    <test name="Default test" duration-ms="32136" started-at="2017-05-08T13:28:10Z" finished-at="2017-05-08T13:28:42Z">
      <class name="com.org.iot.test.smoke.Smoke">
        <test-method status="PASS" signature="setupAutomation()[pri:0, instance:com.org.iot.test.smoke.Smoke@e45f292]" name="setupAutomation" is-config="true" duration-ms="2804" started-at="2017-05-08T18:58:10Z" description="Automation Setup initialization" finished-at="2017-05-08T18:58:13Z">
          <reporter-output>
          </reporter-output>
        </test-method> <!-- setupAutomation -->
        <test-method status="PASS" signature="getAE()[pri:1, instance:com.org.iot.test.smoke.Smoke@e45f292]" name="getAE" duration-ms="2134" started-at="2017-05-08T18:58:13Z" description="Validate whether the application is able to access AE information" finished-at="2017-05-08T18:58:15Z">
          <reporter-output>
          </reporter-output>
        </test-method> <!-- getAE -->
        <test-method status="PASS" signature="createGroup()[pri:2, instance:com.org.iot.test.smoke.Smoke@e45f292]" name="createGroup" duration-ms="10606" started-at="2017-05-08T18:58:15Z" description="Validate whether a device group can be created" finished-at="2017-05-08T18:58:25Z">
          <reporter-output>
          </reporter-output>
        </test-method> <!-- createGroup -->
        <test-method status="PASS" signature="createContainer()[pri:3, instance:com.org.iot.test.smoke.Smoke@e45f292]" name="createContainer" duration-ms="8622" started-at="2017-05-08T18:58:25Z" description="Validate Whether Application can able to create Container for device" finished-at="2017-05-08T18:58:34Z">
          <reporter-output>
          </reporter-output>
        </test-method> <!-- createContainer -->
        <test-method status="PASS" signature="createSubscriptionGroup()[pri:4, instance:com.org.iot.test.smoke.Smoke@e45f292]" name="createSubscriptionGroup" duration-ms="665" started-at="2017-05-08T18:58:34Z" description="Validate whether the application is able to create subscription for a group" finished-at="2017-05-08T18:58:35Z">
          <reporter-output>
          </reporter-output>
        </test-method> <!-- createSubscriptionGroup -->
        <test-method status="PASS" signature="createSubscriptionAE()[pri:5, instance:com.org.iot.test.smoke.Smoke@e45f292]" name="createSubscriptionAE" duration-ms="474" started-at="2017-05-08T18:58:35Z" description="Validate whether the application is able to create subscription for AE" finished-at="2017-05-08T18:58:35Z">
          <reporter-output>
          </reporter-output>
        </test-method> <!-- createSubscriptionAE -->
        <test-method status="PASS" signature="createSubscriptionCNT()[pri:6, instance:com.org.iot.test.smoke.Smoke@e45f292]" name="createSubscriptionCNT" duration-ms="2977" started-at="2017-05-08T18:58:35Z" description="Validate whether the application is able to create subscription for AE&#039;s container" finished-at="2017-05-08T18:58:38Z">
          <reporter-output>
          </reporter-output>
        </test-method> <!-- createSubscriptionCNT -->
        <test-method status="PASS" signature="getContainerData()[pri:7, instance:com.org.iot.test.smoke.Smoke@e45f292]" name="getContainerData" duration-ms="125" started-at="2017-05-08T18:58:38Z" description="Validate whether the application is able to access the AE&#039;s container data" finished-at="2017-05-08T18:58:38Z">
          <reporter-output>
          </reporter-output>
        </test-method> <!-- getContainerData -->
        <test-method status="PASS" signature="updateAE()[pri:8, instance:com.org.iot.test.smoke.Smoke@e45f292]" name="updateAE" duration-ms="2328" started-at="2017-05-08T18:58:38Z" description="Validate whether the application is able to update the AE data" finished-at="2017-05-08T18:58:41Z">
          <reporter-output>
          </reporter-output>
        </test-method> <!-- updateAE -->
        <test-method status="PASS" signature="updateCNT()[pri:9, instance:com.org.iot.test.smoke.Smoke@e45f292]" name="updateCNT" duration-ms="876" started-at="2017-05-08T18:58:41Z" description="Validate whetehr the application is able to update the AE&#039;s container data" finished-at="2017-05-08T18:58:42Z">
          <reporter-output>
          </reporter-output>
        </test-method> <!-- updateCNT -->
        <test-method status="FAIL" signature="createSubscriptionMetadata()[pri:10, instance:com.org.iot.test.smoke.Smoke@e45f292]" name="createSubscriptionMetadata" duration-ms="432" started-at="2017-05-08T18:58:42Z" description="Validate whether the application is able subscribe to its metatdata" finished-at="2017-05-08T18:58:42Z">
          <exception class="java.lang.AssertionError">
            <message>
              <![CDATA[null]]>
            </message>
            <full-stacktrace>
              <![CDATA[java.lang.AssertionError: null
	at org.testng.Assert.fail(Assert.java:94)
	at org.testng.Assert.fail(Assert.java:101)
	at com.org.iot.test.smoke.Smoke.createSubscriptionMetadata(Smoke.java:807)
	at sun.reflect.NativeMethodAccessorImpl.invoke0(Native Method)
	at sun.reflect.NativeMethodAccessorImpl.invoke(Unknown Source)
	at sun.reflect.DelegatingMethodAccessorImpl.invoke(Unknown Source)
	at java.lang.reflect.Method.invoke(Unknown Source)
	at org.testng.internal.MethodInvocationHelper.invokeMethod(MethodInvocationHelper.java:104)
	at org.testng.internal.Invoker.invokeMethod(Invoker.java:645)
	at org.testng.internal.Invoker.invokeTestMethod(Invoker.java:851)
	at org.testng.internal.Invoker.invokeTestMethods(Invoker.java:1177)
	at org.testng.internal.TestMethodWorker.invokeTestMethods(TestMethodWorker.java:129)
	at org.testng.internal.TestMethodWorker.run(TestMethodWorker.java:112)
	at org.testng.TestRunner.privateRun(TestRunner.java:756)
	at org.testng.TestRunner.run(TestRunner.java:610)
	at org.testng.SuiteRunner.runTest(SuiteRunner.java:387)
	at org.testng.SuiteRunner.runSequentially(SuiteRunner.java:382)
	at org.testng.SuiteRunner.privateRun(SuiteRunner.java:340)
	at org.testng.SuiteRunner.run(SuiteRunner.java:289)
	at org.testng.SuiteRunnerWorker.runSuite(SuiteRunnerWorker.java:52)
	at org.testng.SuiteRunnerWorker.run(SuiteRunnerWorker.java:86)
	at org.testng.TestNG.runSuitesSequentially(TestNG.java:1293)
	at org.testng.TestNG.runSuitesLocally(TestNG.java:1218)
	at org.testng.TestNG.runSuites(TestNG.java:1133)
	at org.testng.TestNG.run(TestNG.java:1104)
	at org.testng.remote.AbstractRemoteTestNG.run(AbstractRemoteTestNG.java:132)
	at org.testng.remote.RemoteTestNG.initAndRun(RemoteTestNG.java:230)
	at org.testng.remote.RemoteTestNG.main(RemoteTestNG.java:76)
]]>
            </full-stacktrace>
          </exception> <!-- java.lang.AssertionError -->
          <reporter-output>
          </reporter-output>
        </test-method> <!-- createSubscriptionMetadata -->
        <test-method status="PASS" signature="closeAutomation()[pri:0, instance:com.org.iot.test.smoke.Smoke@e45f292]" name="closeAutomation" is-config="true" duration-ms="39" started-at="2017-05-08T18:58:42Z" description="Closing Database Connection and SSH session" finished-at="2017-05-08T18:58:42Z">
          <reporter-output>
          </reporter-output>
        </test-method> <!-- closeAutomation -->
      </class> <!-- com.org.iot.test.smoke.Smoke -->
    </test> <!-- Default test -->
  </suite> <!-- Default suite -->
</testng-results>
